Timestamp: 2026-05-19T08:51:21.353Z
Error: next is not a function
Stack: TypeError: next is not a function
    at model.<anonymous> (file:///D:/phase2/server/src/models/SalesTransaction.model.js:250:3)
    at process.processTicksAndRejections (node:internal/process/task_queues:104:5)
    at async Kareem.execPre (D:\phase2\server\node_modules\kareem\index.js:61:24)
    at async model.$__save (D:\phase2\server\node_modules\mongoose\lib\model.js:397:5)
    at async model.save (D:\phase2\server\node_modules\mongoose\lib\model.js:667:5)
    at async file:///D:/phase2/server/src/controllers/sales.controller.js:33:15
Payload: {
  "voucherType": "sales_order",
  "voucherNumberSeries": "Default",
  "voucherDate": "2026-05-19T00:00:00.000Z",
  "invoiceDate": "2026-05-19T00:00:00.000Z",
  "invoiceNumber": "SO-POSTMAN-001",
  "salesLedger": "General Sales",
  "gstRegistration": "Maharashtra Registration",
  "partyGstin": "27AADCB2230M1Z2",
  "partyLedger": "Sundry Debtor A",
  "consigneeLedger": "Same as Party",
  "entryTab": "with_item",
  "productLines": [
    {
      "srNo": 1,
      "stockItem": "Monitor",
      "description": "24-inch IPS LED Monitor",
      "hsnSacCode": "84713010",
      "billQuantity": 10,
      "billRate": 15000,
      "discountPercent": 0,
      "amount": 150000,
      "rcm": false,
      "taxabilityType": "Taxable",
      "gstRate": 18
    }
  ],
  "salesLines": [],
  "additionalCharges": [
    {
      "taxableValue": 150000,
      "ledgerName": "Freight Charges",
      "amount": 2000,
      "included": false
    }
  ],
  "tcsDetails": [],
  "narration": "Sales order direct API hit via Postman.",
  "status": "draft",
  "entryMode": "manual",
  "tdsDetails": []
}
